# JRE version: OpenJDK Runtime Environment (8.0_151-b12) (build 1.8.0_151-8u151-b12-0ubuntu0.16.04.2-b12)
# Java VM: OpenJDK 64-Bit Server VM (25.151-b12 mixed mode linux-amd64 compressed oops)
Heap:
 PSYoungGen      total 208896K, used 30699K [0x00000000ec500000, 0x00000000fb700000, 0x0000000100000000)
  eden space 178176K, 0% used [0x00000000ec500000,0x00000000ec500000,0x00000000f7300000)
  from space 30720K, 99% used [0x00000000f7300000,0x00000000f90faf20,0x00000000f9100000)
  to   space 22528K, 0% used [0x00000000f9100000,0x00000000f9100000,0x00000000fa700000)
 ParOldGen       total 76800K, used 46671K [0x00000000c4e00000, 0x00000000c9900000, 0x00000000ec500000)
  object space 76800K, 60% used [0x00000000c4e00000,0x00000000c7b93f98,0x00000000c9900000)
 Metaspace       used 13265K, capacity 13644K, committed 13696K, reserved 1060864K
  class space    used 1520K, capacity 1646K, committed 1664K, reserved 1048576K
GC Heap History (10 events):
Event: 5.840 GC heap after
Heap after GC invocations=7 (full 0):
 PSYoungGen      total 66048K, used 6139K [0x00000000ec500000, 0x00000000f5100000, 0x0000000100000000)
  eden space 59904K, 0% used [0x00000000ec500000,0x00000000ec500000,0x00000000eff80000)
  from space 6144K, 99% used [0x00000000eff80000,0x00000000f057ec38,0x00000000f0580000)
  to   space 11776K, 0% used [0x00000000f4580000,0x00000000f4580000,0x00000000f5100000)
 ParOldGen       total 40960K, used 15230K [0x00000000c4e00000, 0x00000000c7600000, 0x00000000ec500000)
  object space 40960K, 37% used [0x00000000c4e00000,0x00000000c5cdfbc8,0x00000000c7600000)
 Metaspace       used 13215K, capacity 13620K, committed 13696K, reserved 1060864K
  class space    used 1517K, capacity 1642K, committed 1664K, reserved 1048576K
}
Event: 6.449 GC heap before
{Heap before GC invocations=8 (full 0):
 PSYoungGen      total 66048K, used 66043K [0x00000000ec500000, 0x00000000f5100000, 0x0000000100000000)
  eden space 59904K, 100% used [0x00000000ec500000,0x00000000eff80000,0x00000000eff80000)
  from space 6144K, 99% used [0x00000000eff80000,0x00000000f057ec38,0x00000000f0580000)
  to   space 11776K, 0% used [0x00000000f4580000,0x00000000f4580000,0x00000000f5100000)
 ParOldGen       total 40960K, used 15230K [0x00000000c4e00000, 0x00000000c7600000, 0x00000000ec500000)
  object space 40960K, 37% used [0x00000000c4e00000,0x00000000c5cdfbc8,0x00000000c7600000)
 Metaspace       used 13231K, capacity 13620K, committed 13696K, reserved 1060864K
  class space    used 1517K, capacity 1642K, committed 1664K, reserved 1048576K
Event: 6.526 GC heap after
Heap after GC invocations=8 (full 0):
 PSYoungGen      total 128000K, used 11753K [0x00000000ec500000, 0x00000000f5800000, 0x0000000100000000)
  eden space 116224K, 0% used [0x00000000ec500000,0x00000000ec500000,0x00000000f3680000)
  from space 11776K, 99% used [0x00000000f4580000,0x00000000f50fa478,0x00000000f5100000)
  to   space 15360K, 0% used [0x00000000f3680000,0x00000000f3680000,0x00000000f4580000)
 ParOldGen       total 40960K, used 19166K [0x00000000c4e00000, 0x00000000c7600000, 0x00000000ec500000)
  object space 40960K, 46% used [0x00000000c4e00000,0x00000000c60b7b38,0x00000000c7600000)
 Metaspace       used 13231K, capacity 13620K, committed 13696K, reserved 1060864K
  class space    used 1517K, capacity 1642K, committed 1664K, reserved 1048576K
}
Event: 8.374 GC heap before
{Heap before GC invocations=9 (full 0):
 PSYoungGen      total 128000K, used 127977K [0x00000000ec500000, 0x00000000f5800000, 0x0000000100000000)
  eden space 116224K, 100% used [0x00000000ec500000,0x00000000f3680000,0x00000000f3680000)
  from space 11776K, 99% used [0x00000000f4580000,0x00000000f50fa478,0x00000000f5100000)
  to   space 15360K, 0% used [0x00000000f3680000,0x00000000f3680000,0x00000000f4580000)
 ParOldGen       total 40960K, used 19166K [0x00000000c4e00000, 0x00000000c7600000, 0x00000000ec500000)
  object space 40960K, 46% used [0x00000000c4e00000,0x00000000c60b7b38,0x00000000c7600000)
 Metaspace       used 13258K, capacity 13644K, committed 13696K, reserved 1060864K
  class space    used 1520K, capacity 1646K, committed 1664K, reserved 1048576K
Event: 8.579 GC heap after
Heap after GC invocations=9 (full 0):
 PSYoungGen      total 131584K, used 15335K [0x00000000ec500000, 0x00000000fa700000, 0x0000000100000000)
  eden space 116224K, 0% used [0x00000000ec500000,0x00000000ec500000,0x00000000f3680000)
  from space 15360K, 99% used [0x00000000f3680000,0x00000000f4579e80,0x00000000f4580000)
  to   space 22528K, 0% used [0x00000000f9100000,0x00000000f9100000,0x00000000fa700000)
 ParOldGen       total 40960K, used 30517K [0x00000000c4e00000, 0x00000000c7600000, 0x00000000ec500000)
  object space 40960K, 74% used [0x00000000c4e00000,0x00000000c6bcd778,0x00000000c7600000)
 Metaspace       used 13258K, capacity 13644K, committed 13696K, reserved 1060864K
  class space    used 1520K, capacity 1646K, committed 1664K, reserved 1048576K
}
Event: 9.954 GC heap before
{Heap before GC invocations=10 (full 0):
 PSYoungGen      total 131584K, used 131559K [0x00000000ec500000, 0x00000000fa700000, 0x0000000100000000)
  eden space 116224K, 100% used [0x00000000ec500000,0x00000000f3680000,0x00000000f3680000)
  from space 15360K, 99% used [0x00000000f3680000,0x00000000f4579e80,0x00000000f4580000)
  to   space 22528K, 0% used [0x00000000f9100000,0x00000000f9100000,0x00000000fa700000)
 ParOldGen       total 40960K, used 30517K [0x00000000c4e00000, 0x00000000c7600000, 0x00000000ec500000)
  object space 40960K, 74% used [0x00000000c4e00000,0x00000000c6bcd778,0x00000000c7600000)
 Metaspace       used 13264K, capacity 13644K, committed 13696K, reserved 1060864K
  class space    used 1520K, capacity 1646K, committed 1664K, reserved 1048576K
Event: 10.138 GC heap after
Heap after GC invocations=10 (full 0):
 PSYoungGen      total 200704K, used 22508K [0x00000000ec500000, 0x00000000fb700000, 0x0000000100000000)
  eden space 178176K, 0% used [0x00000000ec500000,0x00000000ec500000,0x00000000f7300000)
  from space 22528K, 99% used [0x00000000f9100000,0x00000000fa6fb048,0x00000000fa700000)
  to   space 30720K, 0% used [0x00000000f7300000,0x00000000f7300000,0x00000000f9100000)
 ParOldGen       total 42496K, used 42489K [0x00000000c4e00000, 0x00000000c7780000, 0x00000000ec500000)
  object space 42496K, 99% used [0x00000000c4e00000,0x00000000c777e578,0x00000000c7780000)
 Metaspace       used 13264K, capacity 13644K, committed 13696K, reserved 1060864K
  class space    used 1520K, capacity 1646K, committed 1664K, reserved 1048576K
}
Event: 10.138 GC heap before
{Heap before GC invocations=11 (full 1):
 PSYoungGen      total 200704K, used 22508K [0x00000000ec500000, 0x00000000fb700000, 0x0000000100000000)
  eden space 178176K, 0% used [0x00000000ec500000,0x00000000ec500000,0x00000000f7300000)
  from space 22528K, 99% used [0x00000000f9100000,0x00000000fa6fb048,0x00000000fa700000)
  to   space 30720K, 0% used [0x00000000f7300000,0x00000000f7300000,0x00000000f9100000)
 ParOldGen       total 42496K, used 42489K [0x00000000c4e00000, 0x00000000c7780000, 0x00000000ec500000)
  object space 42496K, 99% used [0x00000000c4e00000,0x00000000c777e578,0x00000000c7780000)
 Metaspace       used 13264K, capacity 13644K, committed 13696K, reserved 1060864K
  class space    used 1520K, capacity 1646K, committed 1664K, reserved 1048576K
Event: 10.851 GC heap after
Heap after GC invocations=11 (full 1):
 PSYoungGen      total 200704K, used 3871K [0x00000000ec500000, 0x00000000fb700000, 0x0000000100000000)
  eden space 178176K, 0% used [0x00000000ec500000,0x00000000ec500000,0x00000000f7300000)
  from space 22528K, 17% used [0x00000000f9100000,0x00000000f94c7ed0,0x00000000fa700000)
  to   space 30720K, 0% used [0x00000000f7300000,0x00000000f7300000,0x00000000f9100000)
 ParOldGen       total 76800K, used 42362K [0x00000000c4e00000, 0x00000000c9900000, 0x00000000ec500000)
  object space 76800K, 55% used [0x00000000c4e00000,0x00000000c775ea00,0x00000000c9900000)
 Metaspace       used 13264K, capacity 13644K, committed 13696K, reserved 1060864K
  class space    used 1520K, capacity 1646K, committed 1664K, reserved 1048576K
}
Event: 21.508 GC heap before
{Heap before GC invocations=12 (full 1):
 PSYoungGen      total 200704K, used 182047K [0x00000000ec500000, 0x00000000fb700000, 0x0000000100000000)
  eden space 178176K, 100% used [0x00000000ec500000,0x00000000f7300000,0x00000000f7300000)
  from space 22528K, 17% used [0x00000000f9100000,0x00000000f94c7ed0,0x00000000fa700000)
  to   space 30720K, 0% used [0x00000000f7300000,0x00000000f7300000,0x00000000f9100000)
 ParOldGen       total 76800K, used 42362K [0x00000000c4e00000, 0x00000000c9900000, 0x00000000ec500000)
  object space 76800K, 55% used [0x00000000c4e00000,0x00000000c775ea00,0x00000000c9900000)
 Metaspace       used 13265K, capacity 13644K, committed 13696K, reserved 1060864K
  class space    used 1520K, capacity 1646K, committed 1664K, reserved 1048576K

